-Xajruntimetarget:1.5
-Xlint:ignore
-1.6
-encoding
UTF-8
-source
1.6
-target
1.6
-classpath
C:\Users\a36f\.m2\repository\org\springframework\boot\spring-boot-starter\1.4.1.RELEASE\spring-boot-starter-1.4.1.RELEASE.jar;C:\Users\a36f\.m2\repository\org\springframework\boot\spring-boot-starter-test\1.4.1.RELEASE\spring-boot-starter-test-1.4.1.RELEASE.jar;C:\Users\a36f\.m2\repository\org\springframework\boot\spring-boot-devtools\1.4.1.RELEASE\spring-boot-devtools-1.4.1.RELEASE.jar;C:\Users\a36f\.m2\repository\org\springframework\roo\org.springframework.roo.annotations\2.0.0.RC3\org.springframework.roo.annotations-2.0.0.RC3.pom;C:\Users\a36f\.m2\repository\org\aspectj\aspectjrt\1.8.9\aspectjrt-1.8.9.jar;C:\Users\a36f\.m2\repository\org\apache\commons\commons-lang3\3.4\commons-lang3-3.4.jar;C:\Users\a36f\.m2\repository\org\assertj\assertj-core\2.5.0\assertj-core-2.5.0.jar;C:\Users\a36f\.m2\repository\org\springframework\boot\spring-boot-starter-data-jpa\1.4.1.RELEASE\spring-boot-starter-data-jpa-1.4.1.RELEASE.jar;C:\Users\a36f\.m2\repository\org\springframework\boot\spring-boot-starter-jdbc\1.4.1.RELEASE\spring-boot-starter-jdbc-1.4.1.RELEASE.jar;C:\Users\a36f\.m2\repository\org\hsqldb\hsqldb\2.3.3\hsqldb-2.3.3.jar;C:\Users\a36f\.m2\repository\io\springlets\springlets-data-jpa\1.2.0.RC3\springlets-data-jpa-1.2.0.RC3.jar;C:\Users\a36f\.m2\repository\io\springlets\springlets-data-commons\1.2.0.RC3\springlets-data-commons-1.2.0.RC3.jar;C:\Users\a36f\.m2\repository\io\springlets\springlets-context\1.2.0.RC3\springlets-context-1.2.0.RC3.jar;C:\Users\a36f\.m2\repository\javax\validation\validation-api\1.1.0.Final\validation-api-1.1.0.Final.jar;C:\Users\a36f\.m2\repository\com\querydsl\querydsl-jpa\4.1.4\querydsl-jpa-4.1.4.jar;C:\Users\a36f\.m2\repository\org\springframework\roo\org.springframework.roo.querydsl.processor\2.0.0.RELEASE\org.springframework.roo.querydsl.processor-2.0.0.RELEASE.jar;C:\Users\a36f\.m2\repository\org\springframework\boot\spring-boot-starter-web\1.4.1.RELEASE\spring-boot-starter-web-1.4.1.RELEASE.jar;C:\Users\a36f\.m2\repository\joda-time\joda-time\2.9.4\joda-time-2.9.4.jar;C:\Users\a36f\.m2\repository\io\tracee\binding\tracee-springmvc\1.1.2\tracee-springmvc-1.1.2.jar;C:\Users\a36f\.m2\repository\io\springlets\springlets-boot-starter-web\1.2.0.RC3\springlets-boot-starter-web-1.2.0.RC3.jar;C:\Users\a36f\.m2\repository\org\springframework\boot\spring-boot-starter-thymeleaf\1.4.1.RELEASE\spring-boot-starter-thymeleaf-1.4.1.RELEASE.jar;C:\Users\a36f\.m2\repository\nz\net\ultraq\thymeleaf\thymeleaf-layout-dialect\2.0.0\thymeleaf-layout-dialect-2.0.0.jar;C:\Users\a36f\.m2\repository\com\github\mxab\thymeleaf\extras\thymeleaf-extras-data-attribute\2.0.1\thymeleaf-extras-data-attribute-2.0.1.jar;C:\Users\a36f\.m2\repository\ar\com\fdvs\DynamicJasper\5.0.11\DynamicJasper-5.0.11.jar;C:\Users\a36f\.m2\repository\ar\com\fdvs\DynamicJasper-core-fonts\1.0\DynamicJasper-core-fonts-1.0.jar;C:\Users\a36f\.m2\repository\org\apache\poi\poi\3.14\poi-3.14.jar;C:\Users\a36f\.m2\repository\org\springframework\spring-context-support\4.3.3.RELEASE\spring-context-support-4.3.3.RELEASE.jar;C:\Users\a36f\.m2\repository\org\webjars\webjars-locator\0.32\webjars-locator-0.32.jar;C:\Users\a36f\.m2\repository\org\webjars\bower\bootstrap\3.3.6\bootstrap-3.3.6.jar;C:\Users\a36f\.m2\repository\org\webjars\bower\datatables\1.10.12\datatables-1.10.12.jar;C:\Users\a36f\.m2\repository\org\webjars\bower\datatables.net-bs\1.10.11\datatables.net-bs-1.10.11.jar;C:\Users\a36f\.m2\repository\org\webjars\bower\datatables.net-buttons\1.1.2\datatables.net-buttons-1.1.2.jar;C:\Users\a36f\.m2\repository\org\webjars\bower\datatables.net-buttons-bs\1.1.2\datatables.net-buttons-bs-1.1.2.jar;C:\Users\a36f\.m2\repository\org\webjars\bower\datatables.net-responsive\2.0.2\datatables.net-responsive-2.0.2.jar;C:\Users\a36f\.m2\repository\org\webjars\bower\datatables.net-responsive-bs\2.0.2\datatables.net-responsive-bs-2.0.2.jar;C:\Users\a36f\.m2\repository\org\webjars\bower\datatables.net-select\1.1.2\datatables.net-select-1.1.2.jar;C:\Users\a36f\.m2\repository\org\webjars\bower\datatables.net-select-bs\1.1.2\datatables.net-select-bs-1.1.2.jar;C:\Users\a36f\.m2\repository\org\webjars\npm\jquery-datatables-checkboxes\1.1.2\jquery-datatables-checkboxes-1.1.2.jar;C:\Users\a36f\.m2\repository\org\webjars\bower\github-com-julmot-datatables-mark-js\2.0.0\github-com-julmot-datatables-mark-js-2.0.0.jar;C:\Users\a36f\.m2\repository\org\webjars\bower\datetimepicker\2.5.4\datetimepicker-2.5.4.jar;C:\Users\a36f\.m2\repository\org\webjars\bower\font-awesome\4.6.2\font-awesome-4.6.2.jar;C:\Users\a36f\.m2\repository\org\webjars\bower\jquery\1.12.3\jquery-1.12.3.jar;C:\Users\a36f\.m2\repository\org\webjars\jquery.inputmask\3.3.1\jquery.inputmask-3.3.1.jar;C:\Users\a36f\.m2\repository\org\webjars\bower\jquery-validation\1.15.0\jquery-validation-1.15.0.jar;C:\Users\a36f\.m2\repository\org\webjars\bower\momentjs\2.13.0\momentjs-2.13.0.jar;C:\Users\a36f\.m2\repository\org\webjars\bower\select2\4.0.3\select2-4.0.3.jar;C:\Users\a36f\.m2\repository\org\webjars\bower\select2-bootstrap-theme\0.1.0-beta.7\select2-bootstrap-theme-0.1.0-beta.7.jar;C:\Users\a36f\.m2\repository\org\webjars\respond\1.4.2\respond-1.4.2.jar;C:\Users\a36f\.m2\repository\org\webjars\html5shiv\3.7.3\html5shiv-3.7.3.jar;C:\Users\a36f\.m2\repository\org\webjars\bower\ie10-viewport-bug-workaround\1.0.3\ie10-viewport-bug-workaround-1.0.3.jar;C:\Users\a36f\.m2\repository\junit\junit\4.12\junit-4.12.jar;C:\Users\a36f\.m2\repository\org\springframework\spring-test\4.3.3.RELEASE\spring-test-4.3.3.RELEASE.jar;C:\Users\a36f\.m2\repository\org\springframework\boot\spring-boot-test\1.4.1.RELEASE\spring-boot-test-1.4.1.RELEASE.jar;C:\Users\a36f\.m2\repository\io\springlets\springlets-boot-starter-test\1.2.0.RC3\springlets-boot-starter-test-1.2.0.RC3.jar;C:\Users\a36f\.m2\repository\org\springframework\boot\spring-boot\1.4.1.RELEASE\spring-boot-1.4.1.RELEASE.jar;C:\Users\a36f\.m2\repository\org\springframework\boot\spring-boot-autoconfigure\1.4.1.RELEASE\spring-boot-autoconfigure-1.4.1.RELEASE.jar;C:\Users\a36f\.m2\repository\org\springframework\boot\spring-boot-starter-logging\1.4.1.RELEASE\spring-boot-starter-logging-1.4.1.RELEASE.jar;C:\Users\a36f\.m2\repository\ch\qos\logback\logback-classic\1.1.7\logback-classic-1.1.7.jar;C:\Users\a36f\.m2\repository\ch\qos\logback\logback-core\1.1.7\logback-core-1.1.7.jar;C:\Users\a36f\.m2\repository\org\slf4j\jcl-over-slf4j\1.7.21\jcl-over-slf4j-1.7.21.jar;C:\Users\a36f\.m2\repository\org\slf4j\jul-to-slf4j\1.7.21\jul-to-slf4j-1.7.21.jar;C:\Users\a36f\.m2\repository\org\slf4j\log4j-over-slf4j\1.7.21\log4j-over-slf4j-1.7.21.jar;C:\Users\a36f\.m2\repository\org\springframework\spring-core\4.3.3.RELEASE\spring-core-4.3.3.RELEASE.jar;C:\Users\a36f\.m2\repository\org\springframework\roo\org.springframework.roo.addon.configurable.annotations\2.0.0.RC3\org.springframework.roo.addon.configurable.annotations-2.0.0.RC3.jar;C:\Users\a36f\.m2\repository\org\springframework\roo\org.springframework.roo.addon.javabean.annotations\2.0.0.RC3\org.springframework.roo.addon.javabean.annotations-2.0.0.RC3.jar;C:\Users\a36f\.m2\repository\org\springframework\roo\org.springframework.roo.addon.jpa.annotations\2.0.0.RC3\org.springframework.roo.addon.jpa.annotations-2.0.0.RC3.jar;C:\Users\a36f\.m2\repository\org\springframework\roo\org.springframework.roo.addon.layers.repository.jpa.annotations\2.0.0.RC3\org.springframework.roo.addon.layers.repository.jpa.annotations-2.0.0.RC3.jar;C:\Users\a36f\.m2\repository\org\springframework\roo\org.springframework.roo.addon.layers.service.annotations\2.0.0.RC3\org.springframework.roo.addon.layers.service.annotations-2.0.0.RC3.jar;C:\Users\a36f\.m2\repository\org\springframework\roo\org.springframework.roo.addon.plural.annotations\2.0.0.RC3\org.springframework.roo.addon.plural.annotations-2.0.0.RC3.jar;C:\Users\a36f\.m2\repository\org\springframework\roo\org.springframework.roo.addon.security.annotations\2.0.0.RC3\org.springframework.roo.addon.security.annotations-2.0.0.RC3.jar;C:\Users\a36f\.m2\repository\org\springframework\roo\org.springframework.roo.addon.web.mvc.controller.annotations\2.0.0.RC3\org.springframework.roo.addon.web.mvc.controller.annotations-2.0.0.RC3.jar;C:\Users\a36f\.m2\repository\org\springframework\roo\org.springframework.roo.addon.web.mvc.exceptions.annotations\2.0.0.RC3\org.springframework.roo.addon.web.mvc.exceptions.annotations-2.0.0.RC3.jar;C:\Users\a36f\.m2\repository\org\springframework\roo\org.springframework.roo.addon.web.mvc.thymeleaf.annotations\2.0.0.RC3\org.springframework.roo.addon.web.mvc.thymeleaf.annotations-2.0.0.RC3.jar;C:\Users\a36f\.m2\repository\org\springframework\roo\org.springframework.roo.classpath\2.0.0.RC3\org.springframework.roo.classpath-2.0.0.RC3.jar;C:\Users\a36f\.m2\repository\org\apache\felix\org.apache.felix.scr.annotations\1.9.12\org.apache.felix.scr.annotations-1.9.12.jar;C:\Users\a36f\.m2\repository\org\springframework\roo\org.springframework.roo.file.monitor\2.0.0.RC3\org.springframework.roo.file.monitor-2.0.0.RC3.jar;C:\Users\a36f\.m2\repository\org\springframework\roo\org.springframework.roo.file.undo\2.0.0.RC3\org.springframework.roo.file.undo-2.0.0.RC3.jar;C:\Users\a36f\.m2\repository\org\springframework\roo\org.springframework.roo.metadata\2.0.0.RC3\org.springframework.roo.metadata-2.0.0.RC3.jar;C:\Users\a36f\.m2\repository\org\springframework\roo\org.springframework.roo.model\2.0.0.RC3\org.springframework.roo.model-2.0.0.RC3.jar;C:\Users\a36f\.m2\repository\org\springframework\roo\org.springframework.roo.process.manager\2.0.0.RC3\org.springframework.roo.process.manager-2.0.0.RC3.jar;C:\Users\a36f\.m2\repository\org\springframework\roo\org.springframework.roo.shell.osgi\2.0.0.RC3\org.springframework.roo.shell.osgi-2.0.0.RC3.jar;C:\Users\a36f\.m2\repository\org\springframework\roo\org.springframework.roo.project\2.0.0.RC3\org.springframework.roo.project-2.0.0.RC3.jar;C:\Users\a36f\.m2\repository\org\apache\felix\org.apache.felix.framework\5.4.0\org.apache.felix.framework-5.4.0.jar;C:\Users\a36f\.m2\repository\org\springframework\roo\org.springframework.roo.shell\2.0.0.RC3\org.springframework.roo.shell-2.0.0.RC3.jar;C:\Users\a36f\.m2\repository\org\springframework\roo\org.springframework.roo.support\2.0.0.RC3\org.springframework.roo.support-2.0.0.RC3.jar;C:\Users\a36f\.m2\repository\commons-io\commons-io\2.5\commons-io-2.5.jar;C:\Users\a36f\.m2\repository\org\springframework\roo\org.springframework.roo.settings\2.0.0.RC3\org.springframework.roo.settings-2.0.0.RC3.jar;C:\Users\a36f\.m2\repository\org\springframework\roo\org.springframework.roo.propfiles.manager\2.0.0.RC3\org.springframework.roo.propfiles.manager-2.0.0.RC3.jar;C:\Users\a36f\.m2\repository\org\springframework\roo\wrapping\org.springframework.roo.wrapping.inflector\0.7.0.010\org.springframework.roo.wrapping.inflector-0.7.0.010.jar;C:\Users\a36f\.m2\repository\org\springframework\roo\org.springframework.roo.addon.dto.annotations\2.0.0.RC3\org.springframework.roo.addon.dto.annotations-2.0.0.RC3.jar;C:\Users\a36f\.m2\repository\org\springframework\roo\org.springframework.roo.addon.ws.annotations\2.0.0.RC3\org.springframework.roo.addon.ws.annotations-2.0.0.RC3.jar;C:\Users\a36f\.m2\repository\org\springframework\boot\spring-boot-starter-aop\1.4.1.RELEASE\spring-boot-starter-aop-1.4.1.RELEASE.jar;C:\Users\a36f\.m2\repository\org\springframework\spring-aop\4.3.3.RELEASE\spring-aop-4.3.3.RELEASE.jar;C:\Users\a36f\.m2\repository\org\aspectj\aspectjweaver\1.8.9\aspectjweaver-1.8.9.jar;C:\Users\a36f\.m2\repository\org\hibernate\hibernate-core\5.0.11.Final\hibernate-core-5.0.11.Final.jar;C:\Users\a36f\.m2\repository\org\jboss\logging\jboss-logging\3.3.0.Final\jboss-logging-3.3.0.Final.jar;C:\Users\a36f\.m2\repository\org\hibernate\javax\persistence\hibernate-jpa-2.1-api\1.0.0.Final\hibernate-jpa-2.1-api-1.0.0.Final.jar;C:\Users\a36f\.m2\repository\org\javassist\javassist\3.20.0-GA\javassist-3.20.0-GA.jar;C:\Users\a36f\.m2\repository\antlr\antlr\2.7.7\antlr-2.7.7.jar;C:\Users\a36f\.m2\repository\org\jboss\jandex\2.0.0.Final\jandex-2.0.0.Final.jar;C:\Users\a36f\.m2\repository\dom4j\dom4j\1.6.1\dom4j-1.6.1.jar;C:\Users\a36f\.m2\repository\xml-apis\xml-apis\1.4.01\xml-apis-1.4.01.jar;C:\Users\a36f\.m2\repository\org\hibernate\common\hibernate-commons-annotations\5.0.1.Final\hibernate-commons-annotations-5.0.1.Final.jar;C:\Users\a36f\.m2\repository\org\hibernate\hibernate-entitymanager\5.0.11.Final\hibernate-entitymanager-5.0.11.Final.jar;C:\Users\a36f\.m2\repository\javax\transaction\javax.transaction-api\1.2\javax.transaction-api-1.2.jar;C:\Users\a36f\.m2\repository\org\springframework\data\spring-data-jpa\1.10.3.RELEASE\spring-data-jpa-1.10.3.RELEASE.jar;C:\Users\a36f\.m2\repository\org\springframework\data\spring-data-commons\1.12.3.RELEASE\spring-data-commons-1.12.3.RELEASE.jar;C:\Users\a36f\.m2\repository\org\springframework\spring-orm\4.3.3.RELEASE\spring-orm-4.3.3.RELEASE.jar;C:\Users\a36f\.m2\repository\org\springframework\spring-tx\4.3.3.RELEASE\spring-tx-4.3.3.RELEASE.jar;C:\Users\a36f\.m2\repository\org\springframework\spring-aspects\4.3.3.RELEASE\spring-aspects-4.3.3.RELEASE.jar;C:\Users\a36f\.m2\repository\org\apache\tomcat\tomcat-jdbc\8.5.5\tomcat-jdbc-8.5.5.jar;C:\Users\a36f\.m2\repository\org\apache\tomcat\tomcat-juli\8.5.5\tomcat-juli-8.5.5.jar;C:\Users\a36f\.m2\repository\org\springframework\spring-jdbc\4.3.3.RELEASE\spring-jdbc-4.3.3.RELEASE.jar;C:\Users\a36f\.m2\repository\commons-codec\commons-codec\1.10\commons-codec-1.10.jar;C:\Users\a36f\.m2\repository\com\querydsl\querydsl-core\4.1.4\querydsl-core-4.1.4.jar;C:\Users\a36f\.m2\repository\com\google\guava\guava\17.0\guava-17.0.jar;C:\Users\a36f\.m2\repository\com\google\code\findbugs\jsr305\3.0.1\jsr305-3.0.1.jar;C:\Users\a36f\.m2\repository\com\mysema\commons\mysema-commons-lang\0.2.4\mysema-commons-lang-0.2.4.jar;C:\Users\a36f\.m2\repository\com\infradna\tool\bridge-method-annotation\1.13\bridge-method-annotation-1.13.jar;C:\Users\a36f\.m2\repository\org\slf4j\slf4j-api\1.7.21\slf4j-api-1.7.21.jar;C:\Users\a36f\.m2\repository\org\springframework\boot\spring-boot-starter-tomcat\1.4.1.RELEASE\spring-boot-starter-tomcat-1.4.1.RELEASE.jar;C:\Users\a36f\.m2\repository\org\apache\tomcat\embed\tomcat-embed-core\8.5.5\tomcat-embed-core-8.5.5.jar;C:\Users\a36f\.m2\repository\org\apache\tomcat\embed\tomcat-embed-el\8.5.5\tomcat-embed-el-8.5.5.jar;C:\Users\a36f\.m2\repository\org\apache\tomcat\embed\tomcat-embed-websocket\8.5.5\tomcat-embed-websocket-8.5.5.jar;C:\Users\a36f\.m2\repository\org\hibernate\hibernate-validator\5.2.4.Final\hibernate-validator-5.2.4.Final.jar;C:\Users\a36f\.m2\repository\com\fasterxml\classmate\1.3.1\classmate-1.3.1.jar;C:\Users\a36f\.m2\repository\com\fasterxml\jackson\core\jackson-databind\2.8.3\jackson-databind-2.8.3.jar;C:\Users\a36f\.m2\repository\com\fasterxml\jackson\core\jackson-annotations\2.8.3\jackson-annotations-2.8.3.jar;C:\Users\a36f\.m2\repository\com\fasterxml\jackson\core\jackson-core\2.8.3\jackson-core-2.8.3.jar;C:\Users\a36f\.m2\repository\org\springframework\spring-web\4.3.3.RELEASE\spring-web-4.3.3.RELEASE.jar;C:\Users\a36f\.m2\repository\org\springframework\spring-webmvc\4.3.3.RELEASE\spring-webmvc-4.3.3.RELEASE.jar;C:\Users\a36f\.m2\repository\org\springframework\spring-expression\4.3.3.RELEASE\spring-expression-4.3.3.RELEASE.jar;C:\Users\a36f\.m2\repository\io\tracee\tracee-api\1.1.2\tracee-api-1.1.2.jar;C:\Users\a36f\.m2\repository\io\tracee\tracee-core\1.1.2\tracee-core-1.1.2.jar;C:\Users\a36f\.m2\repository\io\springlets\springlets-autoconfigure\1.2.0.RC3\springlets-autoconfigure-1.2.0.RC3.jar;C:\Users\a36f\.m2\repository\io\springlets\springlets-web\1.2.0.RC3\springlets-web-1.2.0.RC3.jar;C:\Users\a36f\.m2\repository\com\fasterxml\jackson\datatype\jackson-datatype-hibernate5\2.8.3\jackson-datatype-hibernate5-2.8.3.jar;C:\Users\a36f\.m2\repository\javax\transaction\jta\1.1\jta-1.1.jar;C:\Users\a36f\.m2\repository\org\webjars\bower\bootstrap-fileinput\4.4.0\bootstrap-fileinput-4.4.0.jar;C:\Users\a36f\.m2\repository\org\thymeleaf\thymeleaf-spring4\3.0.0.RELEASE\thymeleaf-spring4-3.0.0.RELEASE.jar;C:\Users\a36f\.m2\repository\org\codehaus\groovy\groovy\2.4.7\groovy-2.4.7.jar;C:\Users\a36f\.m2\repository\nz\net\ultraq\thymeleaf\thymeleaf-expression-processor\1.1.0\thymeleaf-expression-processor-1.1.0.jar;C:\Users\a36f\.m2\repository\org\thymeleaf\thymeleaf\3.0.0.RELEASE\thymeleaf-3.0.0.RELEASE.jar;C:\Users\a36f\.m2\repository\ognl\ognl\3.1.3\ognl-3.1.3.jar;C:\Users\a36f\.m2\repository\org\attoparser\attoparser\2.0.0.RELEASE\attoparser-2.0.0.RELEASE.jar;C:\Users\a36f\.m2\repository\org\unbescape\unbescape\1.1.3.RELEASE\unbescape-1.1.3.RELEASE.jar;C:\Users\a36f\.m2\repository\net\sf\jasperreports\jasperreports\6.3.0\jasperreports-6.3.0.jar;C:\Users\a36f\.m2\repository\commons-digester\commons-digester\2.1\commons-digester-2.1.jar;C:\Users\a36f\.m2\repository\com\lowagie\itext\2.1.7\itext-2.1.7.jar;C:\Users\a36f\.m2\repository\org\bouncycastle\bctsp-jdk14\1.38\bctsp-jdk14-1.38.jar;C:\Users\a36f\.m2\repository\org\bouncycastle\bcprov-jdk14\1.38\bcprov-jdk14-1.38.jar;C:\Users\a36f\.m2\repository\org\bouncycastle\bcmail-jdk14\1.38\bcmail-jdk14-1.38.jar;C:\Users\a36f\.m2\repository\org\jfree\jcommon\1.0.23\jcommon-1.0.23.jar;C:\Users\a36f\.m2\repository\org\jfree\jfreechart\1.0.19\jfreechart-1.0.19.jar;C:\Users\a36f\.m2\repository\org\eclipse\jdt\core\compiler\ecj\4.3.1\ecj-4.3.1.jar;C:\Users\a36f\.m2\repository\org\codehaus\castor\castor-xml\1.4.1\castor-xml-1.4.1.jar;C:\Users\a36f\.m2\repository\org\codehaus\castor\castor-core\1.4.1\castor-core-1.4.1.jar;C:\Users\a36f\.m2\repository\org\apache\commons\commons-collections4\4.1\commons-collections4-4.1.jar;C:\Users\a36f\.m2\repository\javax\inject\javax.inject\1\javax.inject-1.jar;C:\Users\a36f\.m2\repository\org\apache\lucene\lucene-core\4.5.1\lucene-core-4.5.1.jar;C:\Users\a36f\.m2\repository\org\apache\lucene\lucene-analyzers-common\4.5.1\lucene-analyzers-common-4.5.1.jar;C:\Users\a36f\.m2\repository\org\apache\lucene\lucene-queryparser\4.5.1\lucene-queryparser-4.5.1.jar;C:\Users\a36f\.m2\repository\org\apache\lucene\lucene-queries\4.5.1\lucene-queries-4.5.1.jar;C:\Users\a36f\.m2\repository\org\apache\lucene\lucene-sandbox\4.5.1\lucene-sandbox-4.5.1.jar;C:\Users\a36f\.m2\repository\jakarta-regexp\jakarta-regexp\1.4\jakarta-regexp-1.4.jar;C:\Users\a36f\.m2\repository\org\olap4j\olap4j\0.9.7.309-JS-3\olap4j-0.9.7.309-JS-3.jar;C:\Users\a36f\.m2\repository\com\google\zxing\core\2.3.0\core-2.3.0.jar;C:\Users\a36f\.m2\repository\com\ibm\icu\icu4j\57.1\icu4j-57.1.jar;C:\Users\a36f\.m2\repository\commons-collections\commons-collections\3.2.2\commons-collections-3.2.2.jar;C:\Users\a36f\.m2\repository\commons-beanutils\commons-beanutils\1.9.2\commons-beanutils-1.9.2.jar;C:\Users\a36f\.m2\repository\org\springframework\spring-beans\4.3.3.RELEASE\spring-beans-4.3.3.RELEASE.jar;C:\Users\a36f\.m2\repository\org\springframework\spring-context\4.3.3.RELEASE\spring-context-4.3.3.RELEASE.jar;C:\Users\a36f\.m2\repository\org\webjars\webjars-locator-core\0.30\webjars-locator-core-0.30.jar;C:\Users\a36f\.m2\repository\org\apache\commons\commons-compress\1.9\commons-compress-1.9.jar;C:\Users\a36f\.m2\repository\org\webjars\bower\datatables.net\1.10.16\datatables.net-1.10.16.jar;C:\Users\a36f\.m2\repository\org\webjars\bower\mark.js\8.11.0\mark.js-8.11.0.jar;C:\Users\a36f\.m2\repository\org\webjars\bower\jquery-mousewheel\3.1.13\jquery-mousewheel-3.1.13.jar;C:\Users\a36f\.m2\repository\org\webjars\bower\php-date-formatter\1.3.4\php-date-formatter-1.3.4.jar;C:\Users\a36f\git\spring-roo\2.0.0\restfulshop\target\classes
-d
C:\Users\a36f\git\spring-roo\2.0.0\restfulshop\target\classes
C:\Users\a36f\git\spring-roo\2.0.0\restfulshop\src\main\java\com\disid\restful\config\jackson\DomainModelModule.java
C:\Users\a36f\git\spring-roo\2.0.0\restfulshop\src\main\java\com\disid\restful\config\jackson\DomainModelModule_Roo_DomainModelModule.aj
C:\Users\a36f\git\spring-roo\2.0.0\restfulshop\src\main\java\com\disid\restful\config\SpringDataJpaDetachableRepositoryConfiguration.java
C:\Users\a36f\git\spring-roo\2.0.0\restfulshop\src\main\java\com\disid\restful\config\SpringDataJpaDetachableRepositoryConfiguration_Roo_Jpa_Repository_Configuration.aj
C:\Users\a36f\git\spring-roo\2.0.0\restfulshop\src\main\java\com\disid\restful\config\WebMvcConfiguration.java
C:\Users\a36f\git\spring-roo\2.0.0\restfulshop\src\main\java\com\disid\restful\config\WebMvcConfiguration_Roo_ThymeleafUIConfiguration.aj
C:\Users\a36f\git\spring-roo\2.0.0\restfulshop\src\main\java\com\disid\restful\config\WebMvcConfiguration_Roo_WebMvcConfiguration.aj
C:\Users\a36f\git\spring-roo\2.0.0\restfulshop\src\main\java\com\disid\restful\model\Address.java
C:\Users\a36f\git\spring-roo\2.0.0\restfulshop\src\main\java\com\disid\restful\model\Address_Roo_JavaBean.aj
C:\Users\a36f\git\spring-roo\2.0.0\restfulshop\src\main\java\com\disid\restful\model\Address_Roo_Jpa_Entity.aj
C:\Users\a36f\git\spring-roo\2.0.0\restfulshop\src\main\java\com\disid\restful\model\Category.java
C:\Users\a36f\git\spring-roo\2.0.0\restfulshop\src\main\java\com\disid\restful\model\Category_Roo_JavaBean.aj
C:\Users\a36f\git\spring-roo\2.0.0\restfulshop\src\main\java\com\disid\restful\model\Category_Roo_Jpa_Entity.aj
C:\Users\a36f\git\spring-roo\2.0.0\restfulshop\src\main\java\com\disid\restful\model\Customer.java
C:\Users\a36f\git\spring-roo\2.0.0\restfulshop\src\main\java\com\disid\restful\model\CustomerFindByFirstNameAndLastName.java
C:\Users\a36f\git\spring-roo\2.0.0\restfulshop\src\main\java\com\disid\restful\model\CustomerFindByFirstNameAndLastName_Roo_DTO.aj
C:\Users\a36f\git\spring-roo\2.0.0\restfulshop\src\main\java\com\disid\restful\model\CustomerFindByFirstNameAndLastName_Roo_JavaBean.aj
C:\Users\a36f\git\spring-roo\2.0.0\restfulshop\src\main\java\com\disid\restful\model\CustomerOrder.java
C:\Users\a36f\git\spring-roo\2.0.0\restfulshop\src\main\java\com\disid\restful\model\CustomerOrder_Roo_JavaBean.aj
C:\Users\a36f\git\spring-roo\2.0.0\restfulshop\src\main\java\com\disid\restful\model\CustomerOrder_Roo_Jpa_Entity.aj
C:\Users\a36f\git\spring-roo\2.0.0\restfulshop\src\main\java\com\disid\restful\model\Customer_Roo_JavaBean.aj
C:\Users\a36f\git\spring-roo\2.0.0\restfulshop\src\main\java\com\disid\restful\model\Customer_Roo_Jpa_Entity.aj
C:\Users\a36f\git\spring-roo\2.0.0\restfulshop\src\main\java\com\disid\restful\model\OrderDetail.java
C:\Users\a36f\git\spring-roo\2.0.0\restfulshop\src\main\java\com\disid\restful\model\OrderDetail_Roo_JavaBean.aj
C:\Users\a36f\git\spring-roo\2.0.0\restfulshop\src\main\java\com\disid\restful\model\OrderDetail_Roo_Jpa_Entity.aj
C:\Users\a36f\git\spring-roo\2.0.0\restfulshop\src\main\java\com\disid\restful\model\Product.java
C:\Users\a36f\git\spring-roo\2.0.0\restfulshop\src\main\java\com\disid\restful\model\Product_Roo_JavaBean.aj
C:\Users\a36f\git\spring-roo\2.0.0\restfulshop\src\main\java\com\disid\restful\model\Product_Roo_Jpa_Entity.aj
C:\Users\a36f\git\spring-roo\2.0.0\restfulshop\src\main\java\com\disid\restful\repository\CategoryRepository.java
C:\Users\a36f\git\spring-roo\2.0.0\restfulshop\src\main\java\com\disid\restful\repository\CategoryRepositoryCustom.java
C:\Users\a36f\git\spring-roo\2.0.0\restfulshop\src\main\java\com\disid\restful\repository\CategoryRepositoryCustom_Roo_Jpa_Repository_Custom.aj
C:\Users\a36f\git\spring-roo\2.0.0\restfulshop\src\main\java\com\disid\restful\repository\CategoryRepositoryImpl.java
C:\Users\a36f\git\spring-roo\2.0.0\restfulshop\src\main\java\com\disid\restful\repository\CategoryRepositoryImpl_Roo_Jpa_Repository_Impl.aj
C:\Users\a36f\git\spring-roo\2.0.0\restfulshop\src\main\java\com\disid\restful\repository\CategoryRepository_Roo_Jpa_Repository.aj
C:\Users\a36f\git\spring-roo\2.0.0\restfulshop\src\main\java\com\disid\restful\repository\CustomerOrderRepository.java
C:\Users\a36f\git\spring-roo\2.0.0\restfulshop\src\main\java\com\disid\restful\repository\CustomerOrderRepositoryCustom.java
C:\Users\a36f\git\spring-roo\2.0.0\restfulshop\src\main\java\com\disid\restful\repository\CustomerOrderRepositoryCustom_Roo_Jpa_Repository_Custom.aj
C:\Users\a36f\git\spring-roo\2.0.0\restfulshop\src\main\java\com\disid\restful\repository\CustomerOrderRepositoryImpl.java
C:\Users\a36f\git\spring-roo\2.0.0\restfulshop\src\main\java\com\disid\restful\repository\CustomerOrderRepositoryImpl_Roo_Jpa_Repository_Impl.aj
C:\Users\a36f\git\spring-roo\2.0.0\restfulshop\src\main\java\com\disid\restful\repository\CustomerOrderRepository_Roo_Jpa_Repository.aj
C:\Users\a36f\git\spring-roo\2.0.0\restfulshop\src\main\java\com\disid\restful\repository\CustomerRepository.java
C:\Users\a36f\git\spring-roo\2.0.0\restfulshop\src\main\java\com\disid\restful\repository\CustomerRepositoryCustom.java
C:\Users\a36f\git\spring-roo\2.0.0\restfulshop\src\main\java\com\disid\restful\repository\CustomerRepositoryCustom_Roo_Jpa_Repository_Custom.aj
C:\Users\a36f\git\spring-roo\2.0.0\restfulshop\src\main\java\com\disid\restful\repository\CustomerRepositoryImpl.java
C:\Users\a36f\git\spring-roo\2.0.0\restfulshop\src\main\java\com\disid\restful\repository\CustomerRepositoryImpl_Roo_Jpa_Repository_Impl.aj
C:\Users\a36f\git\spring-roo\2.0.0\restfulshop\src\main\java\com\disid\restful\repository\CustomerRepository_Roo_Jpa_Repository.aj
C:\Users\a36f\git\spring-roo\2.0.0\restfulshop\src\main\java\com\disid\restful\repository\OrderDetailRepository.java
C:\Users\a36f\git\spring-roo\2.0.0\restfulshop\src\main\java\com\disid\restful\repository\OrderDetailRepositoryCustom.java
C:\Users\a36f\git\spring-roo\2.0.0\restfulshop\src\main\java\com\disid\restful\repository\OrderDetailRepositoryCustom_Roo_Jpa_Repository_Custom.aj
C:\Users\a36f\git\spring-roo\2.0.0\restfulshop\src\main\java\com\disid\restful\repository\OrderDetailRepositoryImpl.java
C:\Users\a36f\git\spring-roo\2.0.0\restfulshop\src\main\java\com\disid\restful\repository\OrderDetailRepositoryImpl_Roo_Jpa_Repository_Impl.aj
C:\Users\a36f\git\spring-roo\2.0.0\restfulshop\src\main\java\com\disid\restful\repository\OrderDetailRepository_Roo_Jpa_Repository.aj
C:\Users\a36f\git\spring-roo\2.0.0\restfulshop\src\main\java\com\disid\restful\repository\ProductRepository.java
C:\Users\a36f\git\spring-roo\2.0.0\restfulshop\src\main\java\com\disid\restful\repository\ProductRepositoryCustom.java
C:\Users\a36f\git\spring-roo\2.0.0\restfulshop\src\main\java\com\disid\restful\repository\ProductRepositoryCustom_Roo_Jpa_Repository_Custom.aj
C:\Users\a36f\git\spring-roo\2.0.0\restfulshop\src\main\java\com\disid\restful\repository\ProductRepositoryImpl.java
C:\Users\a36f\git\spring-roo\2.0.0\restfulshop\src\main\java\com\disid\restful\repository\ProductRepositoryImpl_Roo_Jpa_Repository_Impl.aj
C:\Users\a36f\git\spring-roo\2.0.0\restfulshop\src\main\java\com\disid\restful\repository\ProductRepository_Roo_Jpa_Repository.aj
C:\Users\a36f\git\spring-roo\2.0.0\restfulshop\src\main\java\com\disid\restful\RestfulshopApplication.java
C:\Users\a36f\git\spring-roo\2.0.0\restfulshop\src\main\java\com\disid\restful\service\api\CategoryService.java
C:\Users\a36f\git\spring-roo\2.0.0\restfulshop\src\main\java\com\disid\restful\service\api\CategoryService_Roo_Service.aj
C:\Users\a36f\git\spring-roo\2.0.0\restfulshop\src\main\java\com\disid\restful\service\api\CustomerOrderService.java
C:\Users\a36f\git\spring-roo\2.0.0\restfulshop\src\main\java\com\disid\restful\service\api\CustomerOrderService_Roo_Service.aj
C:\Users\a36f\git\spring-roo\2.0.0\restfulshop\src\main\java\com\disid\restful\service\api\CustomerService.java
C:\Users\a36f\git\spring-roo\2.0.0\restfulshop\src\main\java\com\disid\restful\service\api\CustomerService_Roo_Service.aj
C:\Users\a36f\git\spring-roo\2.0.0\restfulshop\src\main\java\com\disid\restful\service\api\OrderDetailService.java
C:\Users\a36f\git\spring-roo\2.0.0\restfulshop\src\main\java\com\disid\restful\service\api\OrderDetailService_Roo_Service.aj
C:\Users\a36f\git\spring-roo\2.0.0\restfulshop\src\main\java\com\disid\restful\service\api\ProductService.java
C:\Users\a36f\git\spring-roo\2.0.0\restfulshop\src\main\java\com\disid\restful\service\api\ProductService_Roo_Service.aj
C:\Users\a36f\git\spring-roo\2.0.0\restfulshop\src\main\java\com\disid\restful\service\impl\CategoryServiceImpl.java
C:\Users\a36f\git\spring-roo\2.0.0\restfulshop\src\main\java\com\disid\restful\service\impl\CategoryServiceImpl_Roo_Service_Impl.aj
C:\Users\a36f\git\spring-roo\2.0.0\restfulshop\src\main\java\com\disid\restful\service\impl\CustomerOrderServiceImpl.java
C:\Users\a36f\git\spring-roo\2.0.0\restfulshop\src\main\java\com\disid\restful\service\impl\CustomerOrderServiceImpl_Roo_Service_Impl.aj
C:\Users\a36f\git\spring-roo\2.0.0\restfulshop\src\main\java\com\disid\restful\service\impl\CustomerServiceImpl.java
C:\Users\a36f\git\spring-roo\2.0.0\restfulshop\src\main\java\com\disid\restful\service\impl\CustomerServiceImpl_Roo_Service_Impl.aj
C:\Users\a36f\git\spring-roo\2.0.0\restfulshop\src\main\java\com\disid\restful\service\impl\OrderDetailServiceImpl.java
C:\Users\a36f\git\spring-roo\2.0.0\restfulshop\src\main\java\com\disid\restful\service\impl\OrderDetailServiceImpl_Roo_Service_Impl.aj
C:\Users\a36f\git\spring-roo\2.0.0\restfulshop\src\main\java\com\disid\restful\service\impl\ProductServiceImpl.java
C:\Users\a36f\git\spring-roo\2.0.0\restfulshop\src\main\java\com\disid\restful\service\impl\ProductServiceImpl_Roo_Service_Impl.aj
C:\Users\a36f\git\spring-roo\2.0.0\restfulshop\src\main\java\com\disid\restful\web\advices\ConcurrencyExceptionManager.java
C:\Users\a36f\git\spring-roo\2.0.0\restfulshop\src\main\java\com\disid\restful\web\CategoriesCollectionJsonController.java
C:\Users\a36f\git\spring-roo\2.0.0\restfulshop\src\main\java\com\disid\restful\web\CategoriesCollectionJsonController_Roo_JSON.aj
C:\Users\a36f\git\spring-roo\2.0.0\restfulshop\src\main\java\com\disid\restful\web\CategoriesCollectionThymeleafController.java
C:\Users\a36f\git\spring-roo\2.0.0\restfulshop\src\main\java\com\disid\restful\web\CategoriesCollectionThymeleafController_Roo_Thymeleaf.aj
C:\Users\a36f\git\spring-roo\2.0.0\restfulshop\src\main\java\com\disid\restful\web\CategoriesCollectionThymeleafLinkFactory.java
C:\Users\a36f\git\spring-roo\2.0.0\restfulshop\src\main\java\com\disid\restful\web\CategoriesCollectionThymeleafLinkFactory_Roo_LinkFactory.aj
C:\Users\a36f\git\spring-roo\2.0.0\restfulshop\src\main\java\com\disid\restful\web\CategoriesItemJsonController.java
C:\Users\a36f\git\spring-roo\2.0.0\restfulshop\src\main\java\com\disid\restful\web\CategoriesItemJsonController_Roo_JSON.aj
C:\Users\a36f\git\spring-roo\2.0.0\restfulshop\src\main\java\com\disid\restful\web\CategoriesItemProductsJsonController.java
C:\Users\a36f\git\spring-roo\2.0.0\restfulshop\src\main\java\com\disid\restful\web\CategoriesItemProductsJsonController_Roo_JSON.aj
C:\Users\a36f\git\spring-roo\2.0.0\restfulshop\src\main\java\com\disid\restful\web\CategoriesItemProductsThymeleafController.java
C:\Users\a36f\git\spring-roo\2.0.0\restfulshop\src\main\java\com\disid\restful\web\CategoriesItemProductsThymeleafController_Roo_Thymeleaf.aj
C:\Users\a36f\git\spring-roo\2.0.0\restfulshop\src\main\java\com\disid\restful\web\CategoriesItemProductsThymeleafLinkFactory.java
C:\Users\a36f\git\spring-roo\2.0.0\restfulshop\src\main\java\com\disid\restful\web\CategoriesItemProductsThymeleafLinkFactory_Roo_LinkFactory.aj
C:\Users\a36f\git\spring-roo\2.0.0\restfulshop\src\main\java\com\disid\restful\web\CategoriesItemThymeleafController.java
C:\Users\a36f\git\spring-roo\2.0.0\restfulshop\src\main\java\com\disid\restful\web\CategoriesItemThymeleafController_Roo_Thymeleaf.aj
C:\Users\a36f\git\spring-roo\2.0.0\restfulshop\src\main\java\com\disid\restful\web\CategoriesItemThymeleafLinkFactory.java
C:\Users\a36f\git\spring-roo\2.0.0\restfulshop\src\main\java\com\disid\restful\web\CategoriesItemThymeleafLinkFactory_Roo_LinkFactory.aj
C:\Users\a36f\git\spring-roo\2.0.0\restfulshop\src\main\java\com\disid\restful\web\CategoryDeserializer.java
C:\Users\a36f\git\spring-roo\2.0.0\restfulshop\src\main\java\com\disid\restful\web\CategoryDeserializer_Roo_EntityDeserializer.aj
C:\Users\a36f\git\spring-roo\2.0.0\restfulshop\src\main\java\com\disid\restful\web\CategoryJsonMixin.java
C:\Users\a36f\git\spring-roo\2.0.0\restfulshop\src\main\java\com\disid\restful\web\CategoryJsonMixin_Roo_JSONMixin.aj
C:\Users\a36f\git\spring-roo\2.0.0\restfulshop\src\main\java\com\disid\restful\web\CustomerDeserializer.java
C:\Users\a36f\git\spring-roo\2.0.0\restfulshop\src\main\java\com\disid\restful\web\CustomerDeserializer_Roo_EntityDeserializer.aj
C:\Users\a36f\git\spring-roo\2.0.0\restfulshop\src\main\java\com\disid\restful\web\CustomerJsonMixin.java
C:\Users\a36f\git\spring-roo\2.0.0\restfulshop\src\main\java\com\disid\restful\web\CustomerJsonMixin_Roo_JSONMixin.aj
C:\Users\a36f\git\spring-roo\2.0.0\restfulshop\src\main\java\com\disid\restful\web\CustomerOrderDeserializer.java
C:\Users\a36f\git\spring-roo\2.0.0\restfulshop\src\main\java\com\disid\restful\web\CustomerOrderDeserializer_Roo_EntityDeserializer.aj
C:\Users\a36f\git\spring-roo\2.0.0\restfulshop\src\main\java\com\disid\restful\web\CustomerOrderJsonMixin.java
C:\Users\a36f\git\spring-roo\2.0.0\restfulshop\src\main\java\com\disid\restful\web\CustomerOrderJsonMixin_Roo_JSONMixin.aj
C:\Users\a36f\git\spring-roo\2.0.0\restfulshop\src\main\java\com\disid\restful\web\CustomerOrdersCollectionJsonController.java
C:\Users\a36f\git\spring-roo\2.0.0\restfulshop\src\main\java\com\disid\restful\web\CustomerOrdersCollectionJsonController_Roo_JSON.aj
C:\Users\a36f\git\spring-roo\2.0.0\restfulshop\src\main\java\com\disid\restful\web\CustomerOrdersCollectionThymeleafController.java
C:\Users\a36f\git\spring-roo\2.0.0\restfulshop\src\main\java\com\disid\restful\web\CustomerOrdersCollectionThymeleafController_Roo_Thymeleaf.aj
C:\Users\a36f\git\spring-roo\2.0.0\restfulshop\src\main\java\com\disid\restful\web\CustomerOrdersCollectionThymeleafLinkFactory.java
C:\Users\a36f\git\spring-roo\2.0.0\restfulshop\src\main\java\com\disid\restful\web\CustomerOrdersCollectionThymeleafLinkFactory_Roo_LinkFactory.aj
C:\Users\a36f\git\spring-roo\2.0.0\restfulshop\src\main\java\com\disid\restful\web\CustomerOrdersItemDetailsItemJsonController.java
C:\Users\a36f\git\spring-roo\2.0.0\restfulshop\src\main\java\com\disid\restful\web\CustomerOrdersItemDetailsItemJsonController_Roo_JSON.aj
C:\Users\a36f\git\spring-roo\2.0.0\restfulshop\src\main\java\com\disid\restful\web\CustomerOrdersItemDetailsItemThymeleafController.java
C:\Users\a36f\git\spring-roo\2.0.0\restfulshop\src\main\java\com\disid\restful\web\CustomerOrdersItemDetailsItemThymeleafController_Roo_Thymeleaf.aj
C:\Users\a36f\git\spring-roo\2.0.0\restfulshop\src\main\java\com\disid\restful\web\CustomerOrdersItemDetailsItemThymeleafLinkFactory.java
C:\Users\a36f\git\spring-roo\2.0.0\restfulshop\src\main\java\com\disid\restful\web\CustomerOrdersItemDetailsItemThymeleafLinkFactory_Roo_LinkFactory.aj
C:\Users\a36f\git\spring-roo\2.0.0\restfulshop\src\main\java\com\disid\restful\web\CustomerOrdersItemDetailsJsonController.java
C:\Users\a36f\git\spring-roo\2.0.0\restfulshop\src\main\java\com\disid\restful\web\CustomerOrdersItemDetailsJsonController_Roo_JSON.aj
C:\Users\a36f\git\spring-roo\2.0.0\restfulshop\src\main\java\com\disid\restful\web\CustomerOrdersItemDetailsThymeleafController.java
C:\Users\a36f\git\spring-roo\2.0.0\restfulshop\src\main\java\com\disid\restful\web\CustomerOrdersItemDetailsThymeleafController_Roo_Thymeleaf.aj
C:\Users\a36f\git\spring-roo\2.0.0\restfulshop\src\main\java\com\disid\restful\web\CustomerOrdersItemDetailsThymeleafLinkFactory.java
C:\Users\a36f\git\spring-roo\2.0.0\restfulshop\src\main\java\com\disid\restful\web\CustomerOrdersItemDetailsThymeleafLinkFactory_Roo_LinkFactory.aj
C:\Users\a36f\git\spring-roo\2.0.0\restfulshop\src\main\java\com\disid\restful\web\CustomerOrdersItemJsonController.java
C:\Users\a36f\git\spring-roo\2.0.0\restfulshop\src\main\java\com\disid\restful\web\CustomerOrdersItemJsonController_Roo_JSON.aj
C:\Users\a36f\git\spring-roo\2.0.0\restfulshop\src\main\java\com\disid\restful\web\CustomerOrdersItemThymeleafController.java
C:\Users\a36f\git\spring-roo\2.0.0\restfulshop\src\main\java\com\disid\restful\web\CustomerOrdersItemThymeleafController_Roo_Thymeleaf.aj
C:\Users\a36f\git\spring-roo\2.0.0\restfulshop\src\main\java\com\disid\restful\web\CustomerOrdersItemThymeleafLinkFactory.java
C:\Users\a36f\git\spring-roo\2.0.0\restfulshop\src\main\java\com\disid\restful\web\CustomerOrdersItemThymeleafLinkFactory_Roo_LinkFactory.aj
C:\Users\a36f\git\spring-roo\2.0.0\restfulshop\src\main\java\com\disid\restful\web\CustomersCollectionJsonController.java
C:\Users\a36f\git\spring-roo\2.0.0\restfulshop\src\main\java\com\disid\restful\web\CustomersCollectionJsonController_Roo_JSON.aj
C:\Users\a36f\git\spring-roo\2.0.0\restfulshop\src\main\java\com\disid\restful\web\CustomersCollectionThymeleafController.java
C:\Users\a36f\git\spring-roo\2.0.0\restfulshop\src\main\java\com\disid\restful\web\CustomersCollectionThymeleafController_Roo_Thymeleaf.aj
C:\Users\a36f\git\spring-roo\2.0.0\restfulshop\src\main\java\com\disid\restful\web\CustomersCollectionThymeleafLinkFactory.java
C:\Users\a36f\git\spring-roo\2.0.0\restfulshop\src\main\java\com\disid\restful\web\CustomersCollectionThymeleafLinkFactory_Roo_LinkFactory.aj
C:\Users\a36f\git\spring-roo\2.0.0\restfulshop\src\main\java\com\disid\restful\web\CustomersItemJsonController.java
C:\Users\a36f\git\spring-roo\2.0.0\restfulshop\src\main\java\com\disid\restful\web\CustomersItemJsonController_Roo_JSON.aj
C:\Users\a36f\git\spring-roo\2.0.0\restfulshop\src\main\java\com\disid\restful\web\CustomersItemOrdersJsonController.java
C:\Users\a36f\git\spring-roo\2.0.0\restfulshop\src\main\java\com\disid\restful\web\CustomersItemOrdersJsonController_Roo_JSON.aj
C:\Users\a36f\git\spring-roo\2.0.0\restfulshop\src\main\java\com\disid\restful\web\CustomersItemOrdersThymeleafController.java
C:\Users\a36f\git\spring-roo\2.0.0\restfulshop\src\main\java\com\disid\restful\web\CustomersItemOrdersThymeleafController_Roo_Thymeleaf.aj
C:\Users\a36f\git\spring-roo\2.0.0\restfulshop\src\main\java\com\disid\restful\web\CustomersItemOrdersThymeleafLinkFactory.java
C:\Users\a36f\git\spring-roo\2.0.0\restfulshop\src\main\java\com\disid\restful\web\CustomersItemOrdersThymeleafLinkFactory_Roo_LinkFactory.aj
C:\Users\a36f\git\spring-roo\2.0.0\restfulshop\src\main\java\com\disid\restful\web\CustomersItemThymeleafController.java
C:\Users\a36f\git\spring-roo\2.0.0\restfulshop\src\main\java\com\disid\restful\web\CustomersItemThymeleafController_Roo_Thymeleaf.aj
C:\Users\a36f\git\spring-roo\2.0.0\restfulshop\src\main\java\com\disid\restful\web\CustomersItemThymeleafLinkFactory.java
C:\Users\a36f\git\spring-roo\2.0.0\restfulshop\src\main\java\com\disid\restful\web\CustomersItemThymeleafLinkFactory_Roo_LinkFactory.aj
C:\Users\a36f\git\spring-roo\2.0.0\restfulshop\src\main\java\com\disid\restful\web\CustomersSearchJsonController.java
C:\Users\a36f\git\spring-roo\2.0.0\restfulshop\src\main\java\com\disid\restful\web\CustomersSearchJsonController_Roo_JSON.aj
C:\Users\a36f\git\spring-roo\2.0.0\restfulshop\src\main\java\com\disid\restful\web\CustomersSearchJsonLinkFactory.java
C:\Users\a36f\git\spring-roo\2.0.0\restfulshop\src\main\java\com\disid\restful\web\CustomersSearchJsonLinkFactory_Roo_LinkFactory.aj
C:\Users\a36f\git\spring-roo\2.0.0\restfulshop\src\main\java\com\disid\restful\web\CustomersSearchThymeleafController.java
C:\Users\a36f\git\spring-roo\2.0.0\restfulshop\src\main\java\com\disid\restful\web\CustomersSearchThymeleafController_Roo_Thymeleaf.aj
C:\Users\a36f\git\spring-roo\2.0.0\restfulshop\src\main\java\com\disid\restful\web\CustomersSearchThymeleafLinkFactory.java
C:\Users\a36f\git\spring-roo\2.0.0\restfulshop\src\main\java\com\disid\restful\web\CustomersSearchThymeleafLinkFactory_Roo_LinkFactory.aj
C:\Users\a36f\git\spring-roo\2.0.0\restfulshop\src\main\java\com\disid\restful\web\MainController.java
C:\Users\a36f\git\spring-roo\2.0.0\restfulshop\src\main\java\com\disid\restful\web\MainController_Roo_Thymeleaf_MainController.aj
C:\Users\a36f\git\spring-roo\2.0.0\restfulshop\src\main\java\com\disid\restful\web\OrderDetailDeserializer.java
C:\Users\a36f\git\spring-roo\2.0.0\restfulshop\src\main\java\com\disid\restful\web\OrderDetailDeserializer_Roo_EntityDeserializer.aj
C:\Users\a36f\git\spring-roo\2.0.0\restfulshop\src\main\java\com\disid\restful\web\ProductDeserializer.java
C:\Users\a36f\git\spring-roo\2.0.0\restfulshop\src\main\java\com\disid\restful\web\ProductDeserializer_Roo_EntityDeserializer.aj
C:\Users\a36f\git\spring-roo\2.0.0\restfulshop\src\main\java\com\disid\restful\web\ProductJsonMixin.java
C:\Users\a36f\git\spring-roo\2.0.0\restfulshop\src\main\java\com\disid\restful\web\ProductJsonMixin_Roo_JSONMixin.aj
C:\Users\a36f\git\spring-roo\2.0.0\restfulshop\src\main\java\com\disid\restful\web\ProductsCollectionJsonController.java
C:\Users\a36f\git\spring-roo\2.0.0\restfulshop\src\main\java\com\disid\restful\web\ProductsCollectionJsonController_Roo_JSON.aj
C:\Users\a36f\git\spring-roo\2.0.0\restfulshop\src\main\java\com\disid\restful\web\ProductsCollectionThymeleafController.java
C:\Users\a36f\git\spring-roo\2.0.0\restfulshop\src\main\java\com\disid\restful\web\ProductsCollectionThymeleafController_Roo_Thymeleaf.aj
C:\Users\a36f\git\spring-roo\2.0.0\restfulshop\src\main\java\com\disid\restful\web\ProductsCollectionThymeleafLinkFactory.java
C:\Users\a36f\git\spring-roo\2.0.0\restfulshop\src\main\java\com\disid\restful\web\ProductsCollectionThymeleafLinkFactory_Roo_LinkFactory.aj
C:\Users\a36f\git\spring-roo\2.0.0\restfulshop\src\main\java\com\disid\restful\web\ProductsItemJsonController.java
C:\Users\a36f\git\spring-roo\2.0.0\restfulshop\src\main\java\com\disid\restful\web\ProductsItemJsonController_Roo_JSON.aj
C:\Users\a36f\git\spring-roo\2.0.0\restfulshop\src\main\java\com\disid\restful\web\ProductsItemThymeleafController.java
C:\Users\a36f\git\spring-roo\2.0.0\restfulshop\src\main\java\com\disid\restful\web\ProductsItemThymeleafController_Roo_Thymeleaf.aj
C:\Users\a36f\git\spring-roo\2.0.0\restfulshop\src\main\java\com\disid\restful\web\ProductsItemThymeleafLinkFactory.java
C:\Users\a36f\git\spring-roo\2.0.0\restfulshop\src\main\java\com\disid\restful\web\ProductsItemThymeleafLinkFactory_Roo_LinkFactory.aj
C:\Users\a36f\git\spring-roo\2.0.0\restfulshop\src\main\java\com\disid\restful\web\reports\ExportingErrorException.java
C:\Users\a36f\git\spring-roo\2.0.0\restfulshop\src\main\java\com\disid\restful\web\reports\JasperReportsCsvExporter.java
C:\Users\a36f\git\spring-roo\2.0.0\restfulshop\src\main\java\com\disid\restful\web\reports\JasperReportsExporter.java
C:\Users\a36f\git\spring-roo\2.0.0\restfulshop\src\main\java\com\disid\restful\web\reports\JasperReportsPdfExporter.java
C:\Users\a36f\git\spring-roo\2.0.0\restfulshop\src\main\java\com\disid\restful\web\reports\JasperReportsXlsExporter.java
C:\Users\a36f\git\spring-roo\2.0.0\restfulshop\target\generated-sources\java\com\disid\restful\model\QAddress.java
C:\Users\a36f\git\spring-roo\2.0.0\restfulshop\target\generated-sources\java\com\disid\restful\model\QCategory.java
C:\Users\a36f\git\spring-roo\2.0.0\restfulshop\target\generated-sources\java\com\disid\restful\model\QCustomer.java
C:\Users\a36f\git\spring-roo\2.0.0\restfulshop\target\generated-sources\java\com\disid\restful\model\QCustomerOrder.java
C:\Users\a36f\git\spring-roo\2.0.0\restfulshop\target\generated-sources\java\com\disid\restful\model\QOrderDetail.java
C:\Users\a36f\git\spring-roo\2.0.0\restfulshop\target\generated-sources\java\com\disid\restful\model\QProduct.java
